<?xml version="1.0" encoding="UTF-8"?>
<!-- Generated by org.testng.reporters.JUnitReportReporter -->
<testsuite hostname="DESKTOP-F211A8P" failures="0" tests="1" name="api.utitlities.readExcelFile" time="0.785" errors="0" timestamp="2023-10-16T18:43:55 IST" skipped="0">
  <testcase classname="api.utitlities.readExcelFile" name="getData" time="0.785"/>
</testsuite> <!-- api.utitlities.readExcelFile -->
