<?xml version="1.0" encoding="UTF-8"?>
<!-- Generated by org.testng.reporters.JUnitReportReporter -->
<testsuite hostname="DESKTOP-F211A8P" failures="0" tests="3" name="api.tests.UserTests" time="8.021" errors="0" timestamp="2023-10-16T15:22:47 IST" skipped="0">
  <testcase classname="api.tests.UserTests" name="createUserTest" time="2.952"/>
  <testcase classname="api.tests.UserTests" name="getUserTest" time="1.743"/>
  <testcase classname="api.tests.UserTests" name="updateUserTest" time="3.326"/>
</testsuite> <!-- api.tests.UserTests -->
