<?xml version="1.0" encoding="UTF-8"?>
<!-- Generated by org.testng.reporters.JUnitReportReporter -->
<testsuite hostname="DESKTOP-F211A8P" failures="0" tests="3" name="api.tests.UserTests" time="8.244" errors="0" timestamp="18 Oct 2023 06:36:39 GMT" skipped="0">
  <testcase classname="api.tests.UserTests" name="createUserTest" time="2.978"/>
  <testcase classname="api.tests.UserTests" name="getUserTest" time="2.001"/>
  <testcase classname="api.tests.UserTests" name="updateUserTest" time="3.265"/>
</testsuite> <!-- api.tests.UserTests -->
