<?xml version="1.0" encoding="UTF-8"?>
<!-- Generated by org.testng.reporters.JUnitReportReporter -->
<testsuite hostname="DESKTOP-F211A8P" failures="0" tests="1" name="api.utitlities.test" time="0.828" errors="0" timestamp="2023-10-17T10:31:06 IST" skipped="0">
  <testcase classname="api.utitlities.test" name="readef" time="0.828"/>
</testsuite> <!-- api.utitlities.test -->
