<?xml version="1.0" encoding="UTF-8"?>
<!-- Generated by org.testng.reporters.JUnitReportReporter -->
<testsuite hostname="DESKTOP-F211A8P" failures="0" tests="2" name="api.tests.DataDrivenTest" time="6.300" errors="0" timestamp="2023-10-17T13:47:04 IST" skipped="0">
  <testcase classname="api.tests.DataDrivenTest" name="createUserDataTest" time="4.025"/>
  <testcase classname="api.tests.DataDrivenTest" name="createUserDataTest" time="2.275"/>
</testsuite> <!-- api.tests.DataDrivenTest -->
