<?xml version="1.0" encoding="UTF-8"?>
<!-- Generated by org.testng.reporters.JUnitReportReporter -->
<testsuite hostname="DESKTOP-F211A8P" failures="0" tests="1" name="api.endpoints.Routes" time="0.009" errors="0" timestamp="2023-10-13T18:00:01 IST" skipped="0">
  <testcase classname="api.endpoints.Routes" name="run" time="0.009"/>
</testsuite> <!-- api.endpoints.Routes -->
