<?xml version="1.0" encoding="UTF-8"?>
<!-- Generated by org.testng.reporters.JUnitReportReporter -->
<testsuite hostname="DESKTOP-F211A8P" failures="0" tests="2" name="api.tests.DataDrivenTest" time="5.808" errors="0" timestamp="18 Oct 2023 09:19:53 GMT" skipped="0">
  <testcase classname="api.tests.DataDrivenTest" name="createUserDataTest" time="2.159"/>
  <testcase classname="api.tests.DataDrivenTest" name="createUserDataTest" time="3.649"/>
</testsuite> <!-- api.tests.DataDrivenTest -->
