<?xml version="1.0" encoding="UTF-8"?>
<!-- Generated by org.testng.reporters.JUnitReportReporter -->
<testsuite hostname="QA_Ankit_Kayasth" failures="0" tests="1" name="API_TEST.LoginRequest" time="1.727" errors="0" timestamp="22 Apr 2022 07:48:42 GMT">
  <testcase classname="API_TEST.LoginRequest" name="AddproductTest" time="1.727"/>
</testsuite> <!-- API_TEST.LoginRequest -->
