<?xml version="1.0" encoding="UTF-8"?>
<!-- Generated by org.testng.reporters.JUnitReportReporter -->
<testsuite hostname="DESKTOP-F211A8P" failures="0" tests="1" name="Day6.SharingVariableCreateUser" time="2.671" errors="0" timestamp="2023-10-12T15:43:10 IST" skipped="0">
  <testcase classname="Day6.SharingVariableCreateUser" name="createUser" time="2.671"/>
</testsuite> <!-- Day6.SharingVariableCreateUser -->
