<?xml version="1.0" encoding="UTF-8"?>
<!-- Generated by org.testng.reporters.JUnitReportReporter -->
<testsuite hostname="DESKTOP-F211A8P" failures="0" tests="1" name="Day6.Shar2" time="0.663" errors="0" timestamp="2023-10-12T15:36:58 IST" skipped="0">
  <testcase classname="Day6.Shar2" name="updateUser" time="0.663"/>
</testsuite> <!-- Day6.Shar2 -->
