<?xml version="1.0" encoding="UTF-8"?>
<!-- Generated by org.testng.reporters.JUnitReportReporter -->
<testsuite hostname="DESKTOP-F211A8P" failures="0" tests="1" name="Day3.Headers" time="1.670" errors="0" timestamp="2023-10-11T16:51:28 IST" skipped="0">
  <testcase classname="Day3.Headers" name="getHeader" time="1.670"/>
</testsuite> <!-- Day3.Headers -->
