<?xml version="1.0" encoding="UTF-8"?>
<!-- Generated by org.testng.reporters.JUnitReportReporter -->
<testsuite hostname="DESKTOP-F211A8P" failures="0" tests="1" name="Day6.ShareVariable_UpdateUser" time="0.521" errors="0" timestamp="2023-10-12T15:43:10 IST" skipped="0">
  <testcase classname="Day6.ShareVariable_UpdateUser" name="updateUser" time="0.521"/>
</testsuite> <!-- Day6.ShareVariable_UpdateUser -->
