<?xml version="1.0" encoding="UTF-8"?>
<!-- Generated by org.testng.reporters.JUnitReportReporter -->
<testsuite hostname="DESKTOP-F211A8P" failures="0" tests="1" name="Day4.JsonSchemeValidation" time="2.175" errors="0" timestamp="2023-10-12T12:42:27 IST" skipped="0">
  <testcase classname="Day4.JsonSchemeValidation" name="jsonSchemeVal" time="2.175"/>
</testsuite> <!-- Day4.JsonSchemeValidation -->
