<?xml version="1.0" encoding="UTF-8"?>
<!-- Generated by org.testng.reporters.JUnitReportReporter -->
<testsuite hostname="DESKTOP-F211A8P" failures="0" tests="1" name="Day3.Pathpar_and_Querypara" time="2.239" errors="0" timestamp="2023-10-11T13:27:32 IST" skipped="0">
  <testcase classname="Day3.Pathpar_and_Querypara" name="cookie" time="2.239"/>
</testsuite> <!-- Day3.Pathpar_and_Querypara -->
