<?xml version="1.0" encoding="UTF-8"?>
<!-- Generated by org.testng.reporters.JUnitReportReporter -->
<testsuite hostname="DESKTOP-F211A8P" failures="0" tests="1" name="Day2_Request_Body_creation.UsingPOJO" time="2.449" errors="0" timestamp="2023-10-10T14:17:28 IST" skipped="0">
  <testcase classname="Day2_Request_Body_creation.UsingPOJO" name="createUser" time="2.449"/>
</testsuite> <!-- Day2_Request_Body_creation.UsingPOJO -->
