<?xml version="1.0" encoding="UTF-8"?>
<!-- Generated by org.testng.reporters.JUnitReportReporter -->
<testsuite hostname="DESKTOP-F211A8P" failures="0" tests="3" name="Day1.HttpRequest" time="3.297" errors="0" timestamp="2023-10-10T12:50:30 IST" skipped="0">
  <testcase classname="Day1.HttpRequest" name="getUser" time="2.385"/>
  <testcase classname="Day1.HttpRequest" name="createUser" time="0.438"/>
  <testcase classname="Day1.HttpRequest" name="updateUser" time="0.474"/>
</testsuite> <!-- Day1.HttpRequest -->
