<?xml version="1.0" encoding="UTF-8"?>
<!-- Generated by org.testng.reporters.JUnitReportReporter -->
<testsuite hostname="DESKTOP-F211A8P" failures="0" tests="1" name="Day2_Request_Body_creation.UsingHashMap" time="2.468" errors="0" timestamp="2023-10-10T13:25:15 IST" skipped="0">
  <testcase classname="Day2_Request_Body_creation.UsingHashMap" name="createUser" time="2.468"/>
</testsuite> <!-- Day2_Request_Body_creation.UsingHashMap -->
