<?xml version="1.0" encoding="UTF-8"?>
<!-- Generated by org.testng.reporters.JUnitReportReporter -->
<testsuite hostname="DESKTOP-F211A8P" failures="0" tests="9" name="Day2_Request_Body_creation.Marhaba" time="10.433" errors="0" timestamp="2023-10-10T19:56:17 IST" skipped="0">
  <testcase classname="Day2_Request_Body_creation.Marhaba" name="loginDriver" time="3.330"/>
  <testcase classname="Day2_Request_Body_creation.Marhaba" name="setDriverlocation" time="0.337"/>
  <testcase classname="Day2_Request_Body_creation.Marhaba" name="customerLogin" time="3.258"/>
  <testcase classname="Day2_Request_Body_creation.Marhaba" name="verifyOTP" time="0.336"/>
  <testcase classname="Day2_Request_Body_creation.Marhaba" name="rideRequest" time="0.346"/>
  <testcase classname="Day2_Request_Body_creation.Marhaba" name="searchDriver" time="0.330"/>
  <testcase classname="Day2_Request_Body_creation.Marhaba" name="driverRideAction" time="1.834"/>
  <testcase classname="Day2_Request_Body_creation.Marhaba" name="getRideOTP" time="0.348"/>
  <testcase classname="Day2_Request_Body_creation.Marhaba" name="startRideByDriver" time="0.314"/>
</testsuite> <!-- Day2_Request_Body_creation.Marhaba -->
